{"level":"info","msg":"Starting server on port 7777","time":"2025-04-06T06:32:57+05:00"}
{"error":"Key: 'GetAllRequest.Limit' Error:Field validation for 'Limit' failed on the 'min' tag","level":"info","msg":"Invalid get all movies request","time":"2025-04-06T06:33:08+05:00"}
{"level":"info","msg":"User registered successfully","time":"2025-04-06T06:36:07+05:00","username":"prodonik"}
{"level":"info","msg":"Starting server on port 7777","time":"2025-04-06T06:37:56+05:00"}
{"error":"ERROR: relation \"refresh_tokens\" does not exist (SQLSTATE 42P01)","level":"info","msg":"Failed to generate tokens","time":"2025-04-06T06:37:59+05:00","user_id":1}
{"level":"info","msg":"Starting server on port 7777","time":"2025-04-06T14:22:37+05:00"}
{"level":"info","msg":"Tokens generated successfully","time":"2025-04-06T14:22:42+05:00","user_id":1}
{"level":"info","msg":"User logged in successfully","time":"2025-04-06T14:22:42+05:00","user_id":1}
{"level":"info","msg":"Invalid token: user_id not found in token claims","time":"2025-04-06T14:26:01+05:00"}
{"level":"info","msg":"Starting server on port 7777","time":"2025-04-06T14:35:52+05:00"}
{"level":"info","msg":"Invalid token: user_id not found in token claims","time":"2025-04-06T14:35:55+05:00"}
{"level":"info","msg":"Starting server on port 7777","time":"2025-04-06T14:36:57+05:00"}
{"level":"info","msg":"Invalid token: user_id not found in token claims","time":"2025-04-06T14:37:00+05:00"}
{"level":"info","msg":"Starting server on port 7777","time":"2025-04-06T14:40:14+05:00"}
{"level":"info","msg":"Invalid token: failed to parse token: token has invalid claims: token is expired","time":"2025-04-06T14:40:20+05:00"}
{"level":"info","msg":"Access token refreshed","time":"2025-04-06T14:41:45+05:00","user_id":1}
{"level":"info","msg":"Access token refreshed successfully","time":"2025-04-06T14:41:45+05:00","token":"d128cf57-e005-4d23-8614-74ae39f9eebf"}
{"level":"info","msg":"Invalid token: user_id not found in token claims","time":"2025-04-06T14:42:11+05:00"}
{"level":"info","msg":"Starting server on port 7777","time":"2025-04-06T14:45:09+05:00"}
{"error":"Key: 'GetAllRequest.Limit' Error:Field validation for 'Limit' failed on the 'min' tag","level":"info","msg":"Invalid get all movies request","time":"2025-04-06T14:45:25+05:00"}
{"level":"info","msg":"Starting server on port 7777","time":"2025-04-06T14:46:32+05:00"}
{"level":"info","msg":"Starting server on port 7777","time":"2025-04-06T14:51:21+05:00"}
{"level":"info","msg":"Starting server on port 7777","time":"2025-04-06T14:53:41+05:00"}
{"level":"error","msg":"Failed to create user: this username is already taken","time":"2025-04-06T14:54:18+05:00"}
{"error":"this username is already taken","level":"info","msg":"Failed to register user","time":"2025-04-06T14:54:18+05:00","username":"prodonik"}
{"level":"info","msg":"Starting server on port 7777","time":"2025-04-06T15:04:29+05:00"}
{"level":"error","msg":"Failed to create user: this username is already taken","time":"2025-04-06T15:04:33+05:00"}
{"error":"this username is already taken","level":"info","msg":"Failed to register user","time":"2025-04-06T15:04:33+05:00","username":"prodonik"}
{"level":"info","msg":"User registered successfully","time":"2025-04-06T15:04:54+05:00","username":"ali_bou"}
{"level":"info","msg":"Tokens generated successfully","time":"2025-04-06T15:05:23+05:00","user_id":2}
{"level":"info","msg":"User logged in successfully","time":"2025-04-06T15:05:23+05:00","user_id":2}
{"level":"info","msg":"Starting server on port 7777","time":"2025-04-06T15:09:11+05:00"}
{"level":"info","msg":"Starting server on port 7777","time":"2025-04-06T15:13:42+05:00"}
{"level":"info","msg":"Starting server on port 7777","time":"2025-04-06T15:28:34+05:00"}
{"level":"info","msg":"Starting server on port 7777","time":"2025-04-06T16:57:34+05:00"}
{"level":"error","msg":"Failed to start server: listen tcp: address ::7777: too many colons in address","time":"2025-04-06T16:57:34+05:00"}
{"level":"info","msg":"Starting server on port 7777","time":"2025-04-06T16:58:08+05:00"}
{"level":"info","msg":"Tokens generated successfully","time":"2025-04-06T16:58:35+05:00","user_id":1}
{"level":"info","msg":"User logged in successfully","time":"2025-04-06T16:58:35+05:00","user_id":1}
{"level":"info","msg":"Starting server on port 7777","time":"2025-04-07T00:46:25+05:00"}
